[0.557s] Invoking command in '/home/jo/A-star_projectAIBOT/src/my_AIbot': PYTHONPATH=/home/jo/A-star_projectAIBOT/build/my_AIbot/prefix_override:/usr/lib/python3/dist-packages/colcon_core/task/python/colcon_distutils_commands:/home/jo/A-star_projectAIBOT/install/my_AIbot/lib/python3.10/site-packages:${PYTHONPATH} /usr/bin/python3 -W ignore:setup.py install is deprecated -W ignore:easy_install command is deprecated setup.py egg_info --egg-base ../../build/my_AIbot build --build-base /home/jo/A-star_projectAIBOT/build/my_AIbot/build install --record /home/jo/A-star_projectAIBOT/build/my_AIbot/install.log --single-version-externally-managed install_data
[0.729s] running egg_info
[0.730s] writing ../../build/my_AIbot/my_AIbot.egg-info/PKG-INFO
[0.730s] writing dependency_links to ../../build/my_AIbot/my_AIbot.egg-info/dependency_links.txt
[0.730s] writing entry points to ../../build/my_AIbot/my_AIbot.egg-info/entry_points.txt
[0.730s] writing requirements to ../../build/my_AIbot/my_AIbot.egg-info/requires.txt
[0.730s] writing top-level names to ../../build/my_AIbot/my_AIbot.egg-info/top_level.txt
[0.731s] reading manifest file '../../build/my_AIbot/my_AIbot.egg-info/SOURCES.txt'
[0.732s] writing manifest file '../../build/my_AIbot/my_AIbot.egg-info/SOURCES.txt'
[0.732s] running build
[0.732s] running build_py
[0.733s] copying my_AIbot/astar_planner.py -> /home/jo/A-star_projectAIBOT/build/my_AIbot/build/lib/my_AIbot
[0.733s] running install
[0.733s] running install_lib
[0.734s] copying /home/jo/A-star_projectAIBOT/build/my_AIbot/build/lib/my_AIbot/astar_planner.py -> /home/jo/A-star_projectAIBOT/install/my_AIbot/lib/python3.10/site-packages/my_AIbot
[0.734s] byte-compiling /home/jo/A-star_projectAIBOT/install/my_AIbot/lib/python3.10/site-packages/my_AIbot/astar_planner.py to astar_planner.cpython-310.pyc
[0.736s] running install_data
[0.736s] running install_egg_info
[0.737s] removing '/home/jo/A-star_projectAIBOT/install/my_AIbot/lib/python3.10/site-packages/my_AIbot-0.0.0-py3.10.egg-info' (and everything under it)
[0.737s] Copying ../../build/my_AIbot/my_AIbot.egg-info to /home/jo/A-star_projectAIBOT/install/my_AIbot/lib/python3.10/site-packages/my_AIbot-0.0.0-py3.10.egg-info
[0.738s] running install_scripts
[0.750s] Installing astar_planner script to /home/jo/A-star_projectAIBOT/install/my_AIbot/lib/my_AIbot
[0.750s] Installing path_follower script to /home/jo/A-star_projectAIBOT/install/my_AIbot/lib/my_AIbot
[0.751s] writing list of installed files to '/home/jo/A-star_projectAIBOT/build/my_AIbot/install.log'
[0.766s] Invoked command in '/home/jo/A-star_projectAIBOT/src/my_AIbot' returned '0': PYTHONPATH=/home/jo/A-star_projectAIBOT/build/my_AIbot/prefix_override:/usr/lib/python3/dist-packages/colcon_core/task/python/colcon_distutils_commands:/home/jo/A-star_projectAIBOT/install/my_AIbot/lib/python3.10/site-packages:${PYTHONPATH} /usr/bin/python3 -W ignore:setup.py install is deprecated -W ignore:easy_install command is deprecated setup.py egg_info --egg-base ../../build/my_AIbot build --build-base /home/jo/A-star_projectAIBOT/build/my_AIbot/build install --record /home/jo/A-star_projectAIBOT/build/my_AIbot/install.log --single-version-externally-managed install_data
