[0.565s] Invoking command in '/home/jo/A-star_projectAIBOT/src/my_AIbot': PYTHONPATH=/home/jo/A-star_projectAIBOT/build/my_AIbot/prefix_override:/usr/lib/python3/dist-packages/colcon_core/task/python/colcon_distutils_commands:/home/jo/A-star_projectAIBOT/install/my_AIbot/lib/python3.10/site-packages:${PYTHONPATH} /usr/bin/python3 -W ignore:setup.py install is deprecated -W ignore:easy_install command is deprecated setup.py egg_info --egg-base ../../build/my_AIbot build --build-base /home/jo/A-star_projectAIBOT/build/my_AIbot/build install --record /home/jo/A-star_projectAIBOT/build/my_AIbot/install.log --single-version-externally-managed install_data
[0.776s] running egg_info
[0.776s] writing ../../build/my_AIbot/my_AIbot.egg-info/PKG-INFO
[0.776s] writing dependency_links to ../../build/my_AIbot/my_AIbot.egg-info/dependency_links.txt
[0.777s] writing entry points to ../../build/my_AIbot/my_AIbot.egg-info/entry_points.txt
[0.777s] writing requirements to ../../build/my_AIbot/my_AIbot.egg-info/requires.txt
[0.777s] writing top-level names to ../../build/my_AIbot/my_AIbot.egg-info/top_level.txt
[0.778s] reading manifest file '../../build/my_AIbot/my_AIbot.egg-info/SOURCES.txt'
[0.779s] writing manifest file '../../build/my_AIbot/my_AIbot.egg-info/SOURCES.txt'
[0.779s] running build
[0.779s] running build_py
[0.779s] copying my_AIbot/astar_planner.py -> /home/jo/A-star_projectAIBOT/build/my_AIbot/build/lib/my_AIbot
[0.779s] running install
[0.779s] running install_lib
[0.780s] copying /home/jo/A-star_projectAIBOT/build/my_AIbot/build/lib/my_AIbot/astar_planner.py -> /home/jo/A-star_projectAIBOT/install/my_AIbot/lib/python3.10/site-packages/my_AIbot
[0.781s] byte-compiling /home/jo/A-star_projectAIBOT/install/my_AIbot/lib/python3.10/site-packages/my_AIbot/astar_planner.py to astar_planner.cpython-310.pyc
[0.783s] running install_data
[0.783s] running install_egg_info
[0.784s] removing '/home/jo/A-star_projectAIBOT/install/my_AIbot/lib/python3.10/site-packages/my_AIbot-0.0.0-py3.10.egg-info' (and everything under it)
[0.784s] Copying ../../build/my_AIbot/my_AIbot.egg-info to /home/jo/A-star_projectAIBOT/install/my_AIbot/lib/python3.10/site-packages/my_AIbot-0.0.0-py3.10.egg-info
[0.785s] running install_scripts
[0.801s] Installing astar_planner script to /home/jo/A-star_projectAIBOT/install/my_AIbot/lib/my_AIbot
[0.801s] Installing path_follower script to /home/jo/A-star_projectAIBOT/install/my_AIbot/lib/my_AIbot
[0.801s] writing list of installed files to '/home/jo/A-star_projectAIBOT/build/my_AIbot/install.log'
[0.824s] Invoked command in '/home/jo/A-star_projectAIBOT/src/my_AIbot' returned '0': PYTHONPATH=/home/jo/A-star_projectAIBOT/build/my_AIbot/prefix_override:/usr/lib/python3/dist-packages/colcon_core/task/python/colcon_distutils_commands:/home/jo/A-star_projectAIBOT/install/my_AIbot/lib/python3.10/site-packages:${PYTHONPATH} /usr/bin/python3 -W ignore:setup.py install is deprecated -W ignore:easy_install command is deprecated setup.py egg_info --egg-base ../../build/my_AIbot build --build-base /home/jo/A-star_projectAIBOT/build/my_AIbot/build install --record /home/jo/A-star_projectAIBOT/build/my_AIbot/install.log --single-version-externally-managed install_data
