[0.938s] Invoking command in '/home/jo/A-star_projectAIBOT/src/my_AIbot': PYTHONPATH=/home/jo/A-star_projectAIBOT/build/my_AIbot/prefix_override:/usr/lib/python3/dist-packages/colcon_core/task/python/colcon_distutils_commands:/home/jo/A-star_projectAIBOT/install/my_AIbot/lib/python3.10/site-packages:${PYTHONPATH} /usr/bin/python3 -W ignore:setup.py install is deprecated -W ignore:easy_install command is deprecated setup.py egg_info --egg-base ../../build/my_AIbot build --build-base /home/jo/A-star_projectAIBOT/build/my_AIbot/build install --record /home/jo/A-star_projectAIBOT/build/my_AIbot/install.log --single-version-externally-managed install_data
[1.189s] running egg_info
[1.190s] writing ../../build/my_AIbot/my_AIbot.egg-info/PKG-INFO
[1.190s] writing dependency_links to ../../build/my_AIbot/my_AIbot.egg-info/dependency_links.txt
[1.190s] writing entry points to ../../build/my_AIbot/my_AIbot.egg-info/entry_points.txt
[1.190s] writing requirements to ../../build/my_AIbot/my_AIbot.egg-info/requires.txt
[1.190s] writing top-level names to ../../build/my_AIbot/my_AIbot.egg-info/top_level.txt
[1.192s] reading manifest file '../../build/my_AIbot/my_AIbot.egg-info/SOURCES.txt'
[1.192s] writing manifest file '../../build/my_AIbot/my_AIbot.egg-info/SOURCES.txt'
[1.192s] running build
[1.192s] running build_py
[1.193s] copying my_AIbot/path_follower.py -> /home/jo/A-star_projectAIBOT/build/my_AIbot/build/lib/my_AIbot
[1.193s] running install
[1.193s] running install_lib
[1.193s] copying /home/jo/A-star_projectAIBOT/build/my_AIbot/build/lib/my_AIbot/path_follower.py -> /home/jo/A-star_projectAIBOT/install/my_AIbot/lib/python3.10/site-packages/my_AIbot
[1.194s] byte-compiling /home/jo/A-star_projectAIBOT/install/my_AIbot/lib/python3.10/site-packages/my_AIbot/path_follower.py to path_follower.cpython-310.pyc
[1.195s] running install_data
[1.195s] running install_egg_info
[1.196s] removing '/home/jo/A-star_projectAIBOT/install/my_AIbot/lib/python3.10/site-packages/my_AIbot-0.0.0-py3.10.egg-info' (and everything under it)
[1.196s] Copying ../../build/my_AIbot/my_AIbot.egg-info to /home/jo/A-star_projectAIBOT/install/my_AIbot/lib/python3.10/site-packages/my_AIbot-0.0.0-py3.10.egg-info
[1.197s] running install_scripts
[1.213s] Installing astar_planner script to /home/jo/A-star_projectAIBOT/install/my_AIbot/lib/my_AIbot
[1.214s] Installing path_follower script to /home/jo/A-star_projectAIBOT/install/my_AIbot/lib/my_AIbot
[1.214s] writing list of installed files to '/home/jo/A-star_projectAIBOT/build/my_AIbot/install.log'
[1.235s] Invoked command in '/home/jo/A-star_projectAIBOT/src/my_AIbot' returned '0': PYTHONPATH=/home/jo/A-star_projectAIBOT/build/my_AIbot/prefix_override:/usr/lib/python3/dist-packages/colcon_core/task/python/colcon_distutils_commands:/home/jo/A-star_projectAIBOT/install/my_AIbot/lib/python3.10/site-packages:${PYTHONPATH} /usr/bin/python3 -W ignore:setup.py install is deprecated -W ignore:easy_install command is deprecated setup.py egg_info --egg-base ../../build/my_AIbot build --build-base /home/jo/A-star_projectAIBOT/build/my_AIbot/build install --record /home/jo/A-star_projectAIBOT/build/my_AIbot/install.log --single-version-externally-managed install_data
