[0.525s] Invoking command in '/home/jo/A-star_projectAIBOT/src/my_AIbot': PYTHONPATH=/home/jo/A-star_projectAIBOT/build/my_AIbot/prefix_override:/usr/lib/python3/dist-packages/colcon_core/task/python/colcon_distutils_commands:/home/jo/A-star_projectAIBOT/install/my_AIbot/lib/python3.10/site-packages:${PYTHONPATH} /usr/bin/python3 -W ignore:setup.py install is deprecated -W ignore:easy_install command is deprecated setup.py egg_info --egg-base ../../build/my_AIbot build --build-base /home/jo/A-star_projectAIBOT/build/my_AIbot/build install --record /home/jo/A-star_projectAIBOT/build/my_AIbot/install.log --single-version-externally-managed install_data
[0.719s] running egg_info
[0.720s] writing ../../build/my_AIbot/my_AIbot.egg-info/PKG-INFO
[0.720s] writing dependency_links to ../../build/my_AIbot/my_AIbot.egg-info/dependency_links.txt
[0.720s] writing entry points to ../../build/my_AIbot/my_AIbot.egg-info/entry_points.txt
[0.721s] writing requirements to ../../build/my_AIbot/my_AIbot.egg-info/requires.txt
[0.721s] writing top-level names to ../../build/my_AIbot/my_AIbot.egg-info/top_level.txt
[0.723s] reading manifest file '../../build/my_AIbot/my_AIbot.egg-info/SOURCES.txt'
[0.723s] writing manifest file '../../build/my_AIbot/my_AIbot.egg-info/SOURCES.txt'
[0.723s] running build
[0.723s] running build_py
[0.723s] copying my_AIbot/path_follower.py -> /home/jo/A-star_projectAIBOT/build/my_AIbot/build/lib/my_AIbot
[0.724s] running install
[0.724s] running install_lib
[0.725s] copying /home/jo/A-star_projectAIBOT/build/my_AIbot/build/lib/my_AIbot/path_follower.py -> /home/jo/A-star_projectAIBOT/install/my_AIbot/lib/python3.10/site-packages/my_AIbot
[0.725s] byte-compiling /home/jo/A-star_projectAIBOT/install/my_AIbot/lib/python3.10/site-packages/my_AIbot/path_follower.py to path_follower.cpython-310.pyc
[0.727s] running install_data
[0.727s] running install_egg_info
[0.728s] removing '/home/jo/A-star_projectAIBOT/install/my_AIbot/lib/python3.10/site-packages/my_AIbot-0.0.0-py3.10.egg-info' (and everything under it)
[0.728s] Copying ../../build/my_AIbot/my_AIbot.egg-info to /home/jo/A-star_projectAIBOT/install/my_AIbot/lib/python3.10/site-packages/my_AIbot-0.0.0-py3.10.egg-info
[0.728s] running install_scripts
[0.741s] Installing astar_planner script to /home/jo/A-star_projectAIBOT/install/my_AIbot/lib/my_AIbot
[0.741s] Installing path_follower script to /home/jo/A-star_projectAIBOT/install/my_AIbot/lib/my_AIbot
[0.741s] writing list of installed files to '/home/jo/A-star_projectAIBOT/build/my_AIbot/install.log'
[0.757s] Invoked command in '/home/jo/A-star_projectAIBOT/src/my_AIbot' returned '0': PYTHONPATH=/home/jo/A-star_projectAIBOT/build/my_AIbot/prefix_override:/usr/lib/python3/dist-packages/colcon_core/task/python/colcon_distutils_commands:/home/jo/A-star_projectAIBOT/install/my_AIbot/lib/python3.10/site-packages:${PYTHONPATH} /usr/bin/python3 -W ignore:setup.py install is deprecated -W ignore:easy_install command is deprecated setup.py egg_info --egg-base ../../build/my_AIbot build --build-base /home/jo/A-star_projectAIBOT/build/my_AIbot/build install --record /home/jo/A-star_projectAIBOT/build/my_AIbot/install.log --single-version-externally-managed install_data
